<?xml version="1.0" encoding="UTF-8"?>
<!-- Generated by org.testng.reporters.JUnitXMLReporter -->
<testsuite ignored="0" hostname="DESKTOP-JR9TA2R" failures="0" tests="4" name="Test" time="0.284" errors="0" timestamp="2022-05-24T22:39:33 IST">
  <testcase classname="pack123.TestNg" name="@BeforeTest launchthebrowser" time="-1.653412172762E9">
    <failure type="org.testng.TestNGException" message="
Parameter &amp;apos;browsername&amp;apos; is required by BeforeTest on method launchthebrowser but has not been marked @Optional or defined
in C:\Users\Sachin\eclipse-workspace\Paytym\testng.xml">
      <![CDATA[org.testng.TestNGException: 
Parameter 'browsername' is required by BeforeTest on method launchthebrowser but has not been marked @Optional or defined
in C:\Users\Sachin\eclipse-workspace\Paytym\testng.xml
... Removed 21 stack frames]]>
    </failure>
  </testcase> <!-- @BeforeTest launchthebrowser -->
  <testcase classname="pack123.TestNg2" name="@BeforeTest launchthebrowser" time="-1.653412172793E9">
    <skipped/>
  </testcase> <!-- @BeforeTest launchthebrowser -->
  <testcase classname="pack123.TestNg2" name="@BeforeClass createPomobject" time="-1.653412172859E9">
    <skipped/>
  </testcase> <!-- @BeforeClass createPomobject -->
  <testcase classname="pack123.TestNg2" name="@BeforeMethod launchtheapplication" time="-1.653412172907E9">
    <skipped/>
  </testcase> <!-- @BeforeMethod launchtheapplication -->
  <testcase classname="pack123.TestNg2" name="@AfterMethod logouttheapllication" time="-1.653412172961E9">
    <skipped/>
  </testcase> <!-- @AfterMethod logouttheapllication -->
  <testcase classname="pack123.TestNg2" name="@BeforeMethod launchtheapplication" time="-1.653412172967E9">
    <skipped/>
  </testcase> <!-- @BeforeMethod launchtheapplication -->
  <testcase classname="pack123.TestNg2" name="@AfterMethod logouttheapllication" time="-1.653412172977E9">
    <skipped/>
  </testcase> <!-- @AfterMethod logouttheapllication -->
  <testcase classname="pack123.TestNg2" name="@AfterClass cleartheobject" time="-1.653412172981E9">
    <skipped/>
  </testcase> <!-- @AfterClass cleartheobject -->
  <testcase classname="pack123.TestNg" name="@BeforeClass createPomobject" time="-1.653412172995E9">
    <skipped/>
  </testcase> <!-- @BeforeClass createPomobject -->
  <testcase classname="pack123.TestNg" name="@BeforeMethod launchtheapplication" time="-1.653412172999E9">
    <skipped/>
  </testcase> <!-- @BeforeMethod launchtheapplication -->
  <testcase classname="pack123.TestNg" name="@AfterMethod logouttheapllication" time="-1.653412173008E9">
    <skipped/>
  </testcase> <!-- @AfterMethod logouttheapllication -->
  <testcase classname="pack123.TestNg" name="@BeforeMethod launchtheapplication" time="-1.65341217301E9">
    <skipped/>
  </testcase> <!-- @BeforeMethod launchtheapplication -->
  <testcase classname="pack123.TestNg" name="@AfterMethod logouttheapllication" time="-1.653412173019E9">
    <skipped/>
  </testcase> <!-- @AfterMethod logouttheapllication -->
  <testcase classname="pack123.TestNg" name="@AfterClass cleartheobject" time="-1.653412173022E9">
    <skipped/>
  </testcase> <!-- @AfterClass cleartheobject -->
  <testcase classname="pack123.TestNg" name="@AfterTest closebrowser" time="-1.653412173025E9">
    <skipped/>
  </testcase> <!-- @AfterTest closebrowser -->
  <testcase classname="pack123.TestNg2" name="@AfterTest closebrowser" time="-1.653412173028E9">
    <skipped/>
  </testcase> <!-- @AfterTest closebrowser -->
  <testcase classname="pack123.TestNg2" name="testtheTasks" time="0.0">
    <skipped/>
  </testcase> <!-- testtheTasks -->
  <testcase classname="pack123.TestNg2" name="testthereport" time="0.0">
    <skipped/>
  </testcase> <!-- testthereport -->
  <testcase classname="pack123.TestNg" name="testtheTasks" time="0.0">
    <skipped/>
  </testcase> <!-- testtheTasks -->
  <testcase classname="pack123.TestNg" name="testthereport" time="0.0">
    <skipped/>
  </testcase> <!-- testthereport -->
</testsuite> <!-- Test -->
